Sender: LSF System <lsfadmin@b64a6f3fd1.cern.ch>
Subject: Job 205760523: </afs/cern.ch/work/j/jblee/private/Hcc/CMSSW_10_2_0_pre5/src/VHcc/2L/BSub_logs/ZllHcc/v10/WW_TuneCUETP8M1_13TeV-pythia8/job_arizzi-RunIIMoriond17-DeepAndR85_1.sh> in cluster <batch> Done

Job </afs/cern.ch/work/j/jblee/private/Hcc/CMSSW_10_2_0_pre5/src/VHcc/2L/BSub_logs/ZllHcc/v10/WW_TuneCUETP8M1_13TeV-pythia8/job_arizzi-RunIIMoriond17-DeepAndR85_1.sh> was submitted from host <lxplus006.cern.ch> by user <jblee> in cluster <batch>.
Job was executed on host(s) <b64a6f3fd1.cern.ch>, in queue <8nh>, as user <jblee> in cluster <batch>.
</afs/cern.ch/user/j/jblee> was used as the home directory.
</afs/cern.ch/work/j/jblee/private/Hcc/CMSSW_10_2_0_pre5/src/VHcc/2L> was used as the working directory.
Started at Fri Nov  2 13:08:24 2018
Results reported on Fri Nov  2 16:38:03 2018

Your job looked like:

------------------------------------------------------------
# LSBATCH: User input
/afs/cern.ch/work/j/jblee/private/Hcc/CMSSW_10_2_0_pre5/src/VHcc/2L/BSub_logs/ZllHcc/v10/WW_TuneCUETP8M1_13TeV-pythia8/job_arizzi-RunIIMoriond17-DeepAndR85_1.sh
------------------------------------------------------------

Successfully completed.

Resource usage summary:

    CPU time :                                   278.46 sec.
    Max Memory :                                 382.35 MB
    Average Memory :                             317.20 MB
    Total Requested Memory :                     -
    Delta Memory :                               -
    Max Swap :                                   1031 MB
    Max Processes :                              8
    Max Threads :                                15
    Run time :                                   12576 sec.
    Turnaround time :                            74899 sec.

The output (if any) follows:

@(#)CERN job starter $Date: 2010/06/23 14:22:16 $
Working directory is </pool/lsf/jblee/205760523> on <b64a6f3fd1.cern.ch>

start_time :  Fri Nov  2 13:08:55 2018
processing on :  /store/user/lmastrol/VHcc_2016V4_Aug18/WW_TuneCUETP8M1_13TeV-pythia8/arizzi-RunIIMoriond17-DeepAndR85/180909_005503/0000/tree_1.root
Number of events processed :  0
Number of events processed :  100
Number of events processed :  200
Number of events processed :  300
Number of events processed :  400
Number of events processed :  500
Number of events processed :  600
Number of events processed :  700
Number of events processed :  800
Number of events processed :  900
Number of events processed :  1000
Number of events processed :  1100
Number of events processed :  1200
Number of events processed :  1300
Number of events processed :  1400
Number of events processed :  1500
Number of events processed :  1600
Number of events processed :  1700
Number of events processed :  1800
Number of events processed :  1900
Number of events processed :  2000
Number of events processed :  2100
Number of events processed :  2200
Number of events processed :  2300
Number of events processed :  2400
Number of events processed :  2500
Number of events processed :  2600
Number of events processed :  2700
Number of events processed :  2800
Number of events processed :  2900
Number of events processed :  3000
Number of events processed :  3100
Number of events processed :  3200
Number of events processed :  3300
Number of events processed :  3400
Number of events processed :  3500
Number of events processed :  3600
Number of events processed :  3700
Number of events processed :  3800
Number of events processed :  3900
Number of events processed :  4000
Number of events processed :  4100
Number of events processed :  4200
Number of events processed :  4300
Number of events processed :  4400
Number of events processed :  4500
Number of events processed :  4600
Number of events processed :  4700
Number of events processed :  4800
Number of events processed :  4900
Number of events processed :  5000
Number of events processed :  5100
Number of events processed :  5200
Number of events processed :  5300
Number of events processed :  5400
Number of events processed :  5500
Number of events processed :  5600
Number of events processed :  5700
Number of events processed :  5800
Number of events processed :  5900
Number of events processed :  6000
Number of events processed :  6100
Number of events processed :  6200
Number of events processed :  6300
Number of events processed :  6400
Number of events processed :  6500
Number of events processed :  6600
Number of events processed :  6700
Number of events processed :  6800
Number of events processed :  6900
Number of events processed :  7000
Number of events processed :  7100
Number of events processed :  7200
Number of events processed :  7300
Number of events processed :  7400
Number of events processed :  7500
Number of events processed :  7600
Number of events processed :  7700
Number of events processed :  7800
Number of events processed :  7900
Number of events processed :  8000
Number of events processed :  8100
Number of events processed :  8200
Number of events processed :  8300
Number of events processed :  8400
Number of events processed :  8500
Number of events processed :  8600
Number of events processed :  8700
Number of events processed :  8800
Number of events processed :  8900
Number of events processed :  9000
Number of events processed :  9100
Number of events processed :  9200
Number of events processed :  9300
Number of events processed :  9400
Number of events processed :  9500
Number of events processed :  9600
Number of events processed :  9700
Number of events processed :  9800
Number of events processed :  9900
Number of events processed :  10000
Number of events processed :  10100
Number of events processed :  10200
Number of events processed :  10300
Number of events processed :  10400
Number of events processed :  10500
Number of events processed :  10600
Number of events processed :  10700
Number of events processed :  10800
Number of events processed :  10900
Number of events processed :  11000
Number of events processed :  11100
Number of events processed :  11200
Number of events processed :  11300
Number of events processed :  11400
Number of events processed :  11500
Number of events processed :  11600
Number of events processed :  11700
Number of events processed :  11800
Number of events processed :  11900
Number of events processed :  12000
Number of events processed :  12100
Number of events processed :  12200
Number of events processed :  12300
Number of events processed :  12400
Number of events processed :  12500
Number of events processed :  12600
Number of events processed :  12700
Number of events processed :  12800
Number of events processed :  12900
Number of events processed :  13000
Number of events processed :  13100
Number of events processed :  13200
Number of events processed :  13300
Number of events processed :  13400
Number of events processed :  13500
Number of events processed :  13600
Number of events processed :  13700
Number of events processed :  13800
Number of events processed :  13900
Number of events processed :  14000
Number of events processed :  14100
Number of events processed :  14200
Number of events processed :  14300
Number of events processed :  14400
Number of events processed :  14500
Number of events processed :  14600
Number of events processed :  14700
Number of events processed :  14800
Number of events processed :  14900
Number of events processed :  15000
Number of events processed :  15100
Number of events processed :  15200
Number of events processed :  15300
Number of events processed :  15400
Number of events processed :  15500
Number of events processed :  15600
Number of events processed :  15700
Number of events processed :  15800
Number of events processed :  15900
Number of events processed :  16000
Number of events processed :  16100
Number of events processed :  16200
Number of events processed :  16300
Number of events processed :  16400
Number of events processed :  16500
Number of events processed :  16600
Number of events processed :  16700
Number of events processed :  16800
Number of events processed :  16900
Number of events processed :  17000
Number of events processed :  17100
Number of events processed :  17200
Number of events processed :  17300
Number of events processed :  17400
Number of events processed :  17500
Number of events processed :  17600
Number of events processed :  17700
Number of events processed :  17800
Number of events processed :  17900
Number of events processed :  18000
Number of events processed :  18100
Number of events processed :  18200
Number of events processed :  18300
Number of events processed :  18400
Number of events processed :  18500
Number of events processed :  18600
Number of events processed :  18700
Number of events processed :  18800
Number of events processed :  18900
Number of events processed :  19000
Number of events processed :  19100
Number of events processed :  19200
Number of events processed :  19300
Number of events processed :  19400
Number of events processed :  19500
Number of events processed :  19600
Number of events processed :  19700
Number of events processed :  19800
Number of events processed :  19900
Number of events processed :  20000
Number of events processed :  20100
Number of events processed :  20200
Number of events processed :  20300
Number of events processed :  20400
Number of events processed :  20500
Number of events processed :  20600
Number of events processed :  20700
Number of events processed :  20800
Number of events processed :  20900
Number of events processed :  21000
Number of events processed :  21100
Number of events processed :  21200
Number of events processed :  21300
Number of events processed :  21400
Number of events processed :  21500
Number of events processed :  21600
Number of events processed :  21700
Number of events processed :  21800
Number of events processed :  21900
Number of events processed :  22000
Number of events processed :  22100
Number of events processed :  22200
Number of events processed :  22300
Number of events processed :  22400
Number of events processed :  22500
Number of events processed :  22600
Number of events processed :  22700
Number of events processed :  22800
Number of events processed :  22900
Number of events processed :  23000
Number of events processed :  23100
Number of events processed :  23200
Number of events processed :  23300
Number of events processed :  23400
Number of events processed :  23500
Number of events processed :  23600
Number of events processed :  23700
Number of events processed :  23800
Number of events processed :  23900
Number of events processed :  24000
Number of events processed :  24100
Number of events processed :  24200
Number of events processed :  24300
Number of events processed :  24400
Number of events processed :  24500
Number of events processed :  24600
Number of events processed :  24700
Number of events processed :  24800
Number of events processed :  24900
Number of events processed :  25000
Number of events processed :  25100
Number of events processed :  25200
Number of events processed :  25300
Number of events processed :  25400
Number of events processed :  25500
Number of events processed :  25600
Number of events processed :  25700
Number of events processed :  25800
Number of events processed :  25900
Number of events processed :  26000
Number of events processed :  26100
Number of events processed :  26200
Number of events processed :  26300
Number of events processed :  26400
Number of events processed :  26500
Number of events processed :  26600
Number of events processed :  26700
Number of events processed :  26800
Number of events processed :  26900
Number of events processed :  27000
Number of events processed :  27100
Number of events processed :  27200
Number of events processed :  27300
Number of events processed :  27400
Number of events processed :  27500
Number of events processed :  27600
Number of events processed :  27700
Number of events processed :  27800
Number of events processed :  27900
Number of events processed :  28000
Number of events processed :  28100
Number of events processed :  28200
Number of events processed :  28300
Number of events processed :  28400
Number of events processed :  28500
Number of events processed :  28600
Number of events processed :  28700
Number of events processed :  28800
Number of events processed :  28900
Number of events processed :  29000
Number of events processed :  29100
Number of events processed :  29200
Number of events processed :  29300
Number of events processed :  29400
Number of events processed :  29500
Number of events processed :  29600
Number of events processed :  29700
Number of events processed :  29800
Number of events processed :  29900
Number of events processed :  30000
Number of events processed :  30100
Number of events processed :  30200
Number of events processed :  30300
Number of events processed :  30400
Number of events processed :  30500
Number of events processed :  30600
Number of events processed :  30700
Number of events processed :  30800
Number of events processed :  30900
Number of events processed :  31000
Number of events processed :  31100
Number of events processed :  31200
Number of events processed :  31300
Number of events processed :  31400
Number of events processed :  31500
Number of events processed :  31600
Number of events processed :  31700
Number of events processed :  31800
Number of events processed :  31900
Number of events processed :  32000
Number of events processed :  32100
Number of events processed :  32200
Number of events processed :  32300
Number of events processed :  32400
Number of events processed :  32500
Number of events processed :  32600
Number of events processed :  32700
Number of events processed :  32800
Number of events processed :  32900
Number of events processed :  33000
Number of events processed :  33100
Number of events processed :  33200
Number of events processed :  33300
Number of events processed :  33400
Number of events processed :  33500
Number of events processed :  33600
Number of events processed :  33700
Number of events processed :  33800
Number of events processed :  33900
Number of events processed :  34000
Number of events processed :  34100
Number of events processed :  34200
Number of events processed :  34300
Number of events processed :  34400
Number of events processed :  34500
Number of events processed :  34600
Number of events processed :  34700
Number of events processed :  34800
Number of events processed :  34900
Number of events processed :  35000
Number of events processed :  35100
Number of events processed :  35200
Number of events processed :  35300
Number of events processed :  35400
Number of events processed :  35500
Number of events processed :  35600
Number of events processed :  35700
Number of events processed :  35800
Number of events processed :  35900
Number of events processed :  36000
Number of events processed :  36100
Number of events processed :  36200
Number of events processed :  36300
Number of events processed :  36400
Number of events processed :  36500
Number of events processed :  36600
Number of events processed :  36700
Number of events processed :  36800
Number of events processed :  36900
Number of events processed :  37000
Number of events processed :  37100
Number of events processed :  37200
Number of events processed :  37300
Number of events processed :  37400
Number of events processed :  37500
Number of events processed :  37600
Number of events processed :  37700
Number of events processed :  37800
Number of events processed :  37900
Number of events processed :  38000
Number of events processed :  38100
Number of events processed :  38200
Number of events processed :  38300
Number of events processed :  38400
Number of events processed :  38500
Number of events processed :  38600
Number of events processed :  38700
Number of events processed :  38800
Number of events processed :  38900
Number of events processed :  39000
Number of events processed :  39100
Number of events processed :  39200
Number of events processed :  39300
Number of events processed :  39400
Number of events processed :  39500
Number of events processed :  39600
Number of events processed :  39700
Number of events processed :  39800
Number of events processed :  39900
Number of events processed :  40000
Number of events processed :  40100
Number of events processed :  40200
Number of events processed :  40300
Number of events processed :  40400
Number of events processed :  40500
Number of events processed :  40600
Number of events processed :  40700
Number of events processed :  40800
Number of events processed :  40900
Number of events processed :  41000
Number of events processed :  41100
Number of events processed :  41200
Number of events processed :  41300
Number of events processed :  41400
Number of events processed :  41500
Number of events processed :  41600
Number of events processed :  41700
Number of events processed :  41800
Number of events processed :  41900
Number of events processed :  42000
Number of events processed :  42100
Number of events processed :  42200
Number of events processed :  42300
Number of events processed :  42400
Number of events processed :  42500
Number of events processed :  42600
Number of events processed :  42700
Number of events processed :  42800
Number of events processed :  42900
Number of events processed :  43000
Number of events processed :  43100
Number of events processed :  43200
Number of events processed :  43300
Number of events processed :  43400
Number of events processed :  43500
Number of events processed :  43600
Number of events processed :  43700
Number of events processed :  43800
Number of events processed :  43900
Number of events processed :  44000
Number of events processed :  44100
Number of events processed :  44200
Number of events processed :  44300
Number of events processed :  44400
Number of events processed :  44500
Number of events processed :  44600
Number of events processed :  44700
Number of events processed :  44800
Number of events processed :  44900
Number of events processed :  45000
Number of events processed :  45100
Number of events processed :  45200
Number of events processed :  45300
Number of events processed :  45400
Number of events processed :  45500
Number of events processed :  45600
Number of events processed :  45700
Number of events processed :  45800
Number of events processed :  45900
Number of events processed :  46000
Number of events processed :  46100
Number of events processed :  46200
Number of events processed :  46300
Number of events processed :  46400
Number of events processed :  46500
Number of events processed :  46600
Number of events processed :  46700
Number of events processed :  46800
Number of events processed :  46900
Number of events processed :  47000
Number of events processed :  47100
Number of events processed :  47200
Number of events processed :  47300
Number of events processed :  47400
Number of events processed :  47500
Number of events processed :  47600
Number of events processed :  47700
Number of events processed :  47800
Number of events processed :  47900
Number of events processed :  48000
Number of events processed :  48100
Number of events processed :  48200
Number of events processed :  48300
Number of events processed :  48400
Number of events processed :  48500
Number of events processed :  48600
Number of events processed :  48700
Number of events processed :  48800
Number of events processed :  48900
Number of events processed :  49000
Number of events processed :  49100
Number of events processed :  49200
Number of events processed :  49300
Number of events processed :  49400
Number of events processed :  49500
Number of events processed :  49600
Number of events processed :  49700
Number of events processed :  49800
Number of events processed :  49900
Number of events processed :  50000
Number of events processed :  50100
Number of events processed :  50200
Number of events processed :  50300
Number of events processed :  50400
Number of events processed :  50500
Number of events processed :  50600
Number of events processed :  50700
Number of events processed :  50800
Number of events processed :  50900
Number of events processed :  51000
Number of events processed :  51100
Number of events processed :  51200
Number of events processed :  51300
Number of events processed :  51400
Number of events processed :  51500
Number of events processed :  51600
Number of events processed :  51700
Number of events processed :  51800
Number of events processed :  51900
Number of events processed :  52000
Number of events processed :  52100
Number of events processed :  52200
Number of events processed :  52300
Number of events processed :  52400
Number of events processed :  52500
Number of events processed :  52600
Number of events processed :  52700
Number of events processed :  52800
Number of events processed :  52900
Number of events processed :  53000
Number of events processed :  53100
Number of events processed :  53200
Number of events processed :  53300
Number of events processed :  53400
Number of events processed :  53500
Number of events processed :  53600
Number of events processed :  53700
Number of events processed :  53800
Number of events processed :  53900
Number of events processed :  54000
Number of events processed :  54100
Number of events processed :  54200
Number of events processed :  54300
Number of events processed :  54400
Number of events processed :  54500
Number of events processed :  54600
Number of events processed :  54700
Number of events processed :  54800
Number of events processed :  54900
Number of events processed :  55000
Number of events processed :  55100
Number of events processed :  55200
Number of events processed :  55300
Number of events processed :  55400
Number of events processed :  55500
Number of events processed :  55600
Number of events processed :  55700
Number of events processed :  55800
Number of events processed :  55900
Number of events processed :  56000
Number of events processed :  56100
Number of events processed :  56200
Number of events processed :  56300
Number of events processed :  56400
Number of events processed :  56500
Number of events processed :  56600
Number of events processed :  56700
Number of events processed :  56800
Number of events processed :  56900
Number of events processed :  57000
Number of events processed :  57100
Number of events processed :  57200
Number of events processed :  57300
Number of events processed :  57400
Number of events processed :  57500
Number of events processed :  57600
Number of events processed :  57700
Number of events processed :  57800
Number of events processed :  57900
Number of events processed :  58000
Number of events processed :  58100
Number of events processed :  58200
Number of events processed :  58300
Number of events processed :  58400
Number of events processed :  58500
Number of events processed :  58600
Number of events processed :  58700
Number of events processed :  58800
Number of events processed :  58900
Number of events processed :  59000
Number of events processed :  59100
Number of events processed :  59200
Number of events processed :  59300
Number of events processed :  59400
Number of events processed :  59500
Number of events processed :  59600
Number of events processed :  59700
Number of events processed :  59800
Number of events processed :  59900
Number of events processed :  60000
Number of events processed :  60100
Number of events processed :  60200
Number of events processed :  60300
Number of events processed :  60400
Number of events processed :  60500
Number of events processed :  60600
Number of events processed :  60700
Number of events processed :  60800
Number of events processed :  60900
Number of events processed :  61000
Number of events processed :  61100
Number of events processed :  61200
Number of events processed :  61300
Number of events processed :  61400
Number of events processed :  61500
Number of events processed :  61600
Number of events processed :  61700
Number of events processed :  61800
Number of events processed :  61900
Number of events processed :  62000
Number of events processed :  62100
Number of events processed :  62200
Number of events processed :  62300
Number of events processed :  62400
Number of events processed :  62500
Number of events processed :  62600
Number of events processed :  62700
Number of events processed :  62800
Number of events processed :  62900
Number of events processed :  63000
Number of events processed :  63100
Number of events processed :  63200
Number of events processed :  63300
Number of events processed :  63400
Number of events processed :  63500
Number of events processed :  63600
Number of events processed :  63700
Number of events processed :  63800
Number of events processed :  63900
Number of events processed :  64000
Number of events processed :  64100
Number of events processed :  64200
Number of events processed :  64300
Number of events processed :  64400
Number of events processed :  64500
Number of events processed :  64600
Number of events processed :  64700
Number of events processed :  64800
Number of events processed :  64900
Number of events processed :  65000
Number of events processed :  65100
Number of events processed :  65200
Number of events processed :  65300
Number of events processed :  65400
Number of events processed :  65500
Number of events processed :  65600
Number of events processed :  65700
Number of events processed :  65800
Number of events processed :  65900
Number of events processed :  66000
Number of events processed :  66100
Number of events processed :  66200
Number of events processed :  66300
Number of events processed :  66400
Number of events processed :  66500
Number of events processed :  66600
Number of events processed :  66700
Number of events processed :  66800
Number of events processed :  66900
Number of events processed :  67000
Number of events processed :  67100
Number of events processed :  67200
Number of events processed :  67300
Number of events processed :  67400
Number of events processed :  67500
Number of events processed :  67600
Number of events processed :  67700
Number of events processed :  67800
Number of events processed :  67900
Number of events processed :  68000
Number of events processed :  68100
Number of events processed :  68200
Number of events processed :  68300
Number of events processed :  68400
Number of events processed :  68500
Number of events processed :  68600
Number of events processed :  68700
Number of events processed :  68800
Number of events processed :  68900
Number of events processed :  69000
Number of events processed :  69100
Number of events processed :  69200
Number of events processed :  69300
Number of events processed :  69400
Number of events processed :  69500
Number of events processed :  69600
Number of events processed :  69700
Number of events processed :  69800
Number of events processed :  69900
Number of events processed :  70000
Number of events processed :  70100
Number of events processed :  70200
Number of events processed :  70300
Number of events processed :  70400
Number of events processed :  70500
Number of events processed :  70600
Number of events processed :  70700
Number of events processed :  70800
Number of events processed :  70900
Number of events processed :  71000
Number of events processed :  71100
Number of events processed :  71200
Number of events processed :  71300
Number of events processed :  71400
Number of events processed :  71500
Number of events processed :  71600
Number of events processed :  71700
Number of events processed :  71800
Number of events processed :  71900
Number of events processed :  72000
Number of events processed :  72100
Number of events processed :  72200
Number of events processed :  72300
Number of events processed :  72400
Number of events processed :  72500
Number of events processed :  72600
Number of events processed :  72700
Number of events processed :  72800
Number of events processed :  72900
Number of events processed :  73000
Number of events processed :  73100
Number of events processed :  73200
Number of events processed :  73300
Number of events processed :  73400
Number of events processed :  73500
Number of events processed :  73600
Number of events processed :  73700
Number of events processed :  73800
Number of events processed :  73900
Number of events processed :  74000
Number of events processed :  74100
Number of events processed :  74200
Number of events processed :  74300
Number of events processed :  74400
Number of events processed :  74500
Number of events processed :  74600
Number of events processed :  74700
Number of events processed :  74800
Number of events processed :  74900
Number of events processed :  75000
Number of events processed :  75100
Number of events processed :  75200
Number of events processed :  75300
Number of events processed :  75400
Number of events processed :  75500
Number of events processed :  75600
Number of events processed :  75700
Number of events processed :  75800
Number of events processed :  75900
Number of events processed :  76000
Number of events processed :  76100
Number of events processed :  76200
Number of events processed :  76300
Number of events processed :  76400
Number of events processed :  76500
Number of events processed :  76600
Number of events processed :  76700
Number of events processed :  76800
Number of events processed :  76900
Number of events processed :  77000
Number of events processed :  77100
Number of events processed :  77200
Number of events processed :  77300
Number of events processed :  77400
Number of events processed :  77500
Number of events processed :  77600
Number of events processed :  77700
Number of events processed :  77800
Number of events processed :  77900
Number of events processed :  78000
Number of events processed :  78100
Number of events processed :  78200
Number of events processed :  78300
Number of events processed :  78400
Number of events processed :  78500
Number of events processed :  78600
Number of events processed :  78700
Number of events processed :  78800
Number of events processed :  78900
Number of events processed :  79000
Number of events processed :  79100
Number of events processed :  79200
Number of events processed :  79300
Number of events processed :  79400
Number of events processed :  79500
Number of events processed :  79600
Number of events processed :  79700
Number of events processed :  79800
Number of events processed :  79900
Number of events processed :  80000
Number of events processed :  80100
Number of events processed :  80200
Number of events processed :  80300
Number of events processed :  80400
Number of events processed :  80500
Number of events processed :  80600
Number of events processed :  80700
Number of events processed :  80800
Number of events processed :  80900
Number of events processed :  81000
Number of events processed :  81100
Number of events processed :  81200
Number of events processed :  81300
Number of events processed :  81400
Number of events processed :  81500
Number of events processed :  81600
Number of events processed :  81700
Number of events processed :  81800
Number of events processed :  81900
Number of events processed :  82000
Number of events processed :  82100
Number of events processed :  82200
Number of events processed :  82300
Number of events processed :  82400
Number of events processed :  82500
Number of events processed :  82600
Number of events processed :  82700
Number of events processed :  82800
Number of events processed :  82900
Number of events processed :  83000
Number of events processed :  83100
Number of events processed :  83200
Number of events processed :  83300
Number of events processed :  83400
Number of events processed :  83500
Number of events processed :  83600
Number of events processed :  83700
Number of events processed :  83800
Number of events processed :  83900
Number of events processed :  84000
Number of events processed :  84100
Number of events processed :  84200
Number of events processed :  84300
Number of events processed :  84400
Number of events processed :  84500
Number of events processed :  84600
Number of events processed :  84700
Number of events processed :  84800
Number of events processed :  84900
Number of events processed :  85000
Number of events processed :  85100
Number of events processed :  85200
Number of events processed :  85300
Number of events processed :  85400
Number of events processed :  85500
Number of events processed :  85600
Number of events processed :  85700
Number of events processed :  85800
Number of events processed :  85900
Number of events processed :  86000
Number of events processed :  86100
Number of events processed :  86200
Number of events processed :  86300
Number of events processed :  86400
Number of events processed :  86500
Number of events processed :  86600
Number of events processed :  86700
Number of events processed :  86800
Number of events processed :  86900
Number of events processed :  87000
Number of events processed :  87100
Number of events processed :  87200
Number of events processed :  87300
Number of events processed :  87400
Number of events processed :  87500
Number of events processed :  87600
Number of events processed :  87700
Number of events processed :  87800
Number of events processed :  87900
Number of events processed :  88000
Number of events processed :  88100
Number of events processed :  88200
Number of events processed :  88300
Number of events processed :  88400
Number of events processed :  88500
Number of events processed :  88600
Number of events processed :  88700
Number of events processed :  88800
Number of events processed :  88900
Number of events processed :  89000
Number of events processed :  89100
Number of events processed :  89200
Number of events processed :  89300
Number of events processed :  89400
Number of events processed :  89500
Number of events processed :  89600
Number of events processed :  89700
Number of events processed :  89800
Number of events processed :  89900
Number of events processed :  90000
Number of events processed :  90100
Number of events processed :  90200
Number of events processed :  90300
Number of events processed :  90400
Number of events processed :  90500
Number of events processed :  90600
Number of events processed :  90700
Number of events processed :  90800
Number of events processed :  90900
Number of events processed :  91000
Number of events processed :  91100
Number of events processed :  91200
Number of events processed :  91300
Number of events processed :  91400
Number of events processed :  91500
Number of events processed :  91600
Number of events processed :  91700
Number of events processed :  91800
Number of events processed :  91900
Number of events processed :  92000
Number of events processed :  92100
Number of events processed :  92200
Number of events processed :  92300
Number of events processed :  92400
Number of events processed :  92500
Number of events processed :  92600
Number of events processed :  92700
Number of events processed :  92800
Number of events processed :  92900
Number of events processed :  93000
Number of events processed :  93100
Number of events processed :  93200
Number of events processed :  93300
Number of events processed :  93400
Number of events processed :  93500
Number of events processed :  93600
Number of events processed :  93700
Number of events processed :  93800
Number of events processed :  93900
Number of events processed :  94000
Number of events processed :  94100
Number of events processed :  94200
Number of events processed :  94300
Number of events processed :  94400
Number of events processed :  94500
Number of events processed :  94600
Number of events processed :  94700
Number of events processed :  94800
Number of events processed :  94900
Number of events processed :  95000
Number of events processed :  95100
Number of events processed :  95200
Number of events processed :  95300
Number of events processed :  95400
Number of events processed :  95500
Number of events processed :  95600
Number of events processed :  95700
Number of events processed :  95800
Number of events processed :  95900
Number of events processed :  96000
Number of events processed :  96100
Number of events processed :  96200
Number of events processed :  96300
Number of events processed :  96400
Number of events processed :  96500
Number of events processed :  96600
Number of events processed :  96700
Number of events processed :  96800
Number of events processed :  96900
Number of events processed :  97000
Number of events processed :  97100
Number of events processed :  97200
Number of events processed :  97300
Number of events processed :  97400
Number of events processed :  97500
Number of events processed :  97600
Number of events processed :  97700
Number of events processed :  97800
Number of events processed :  97900
Number of events processed :  98000
Number of events processed :  98100
Number of events processed :  98200
Number of events processed :  98300
Number of events processed :  98400
Number of events processed :  98500
Number of events processed :  98600
Number of events processed :  98700
Number of events processed :  98800
Number of events processed :  98900
Number of events processed :  99000
Number of events processed :  99100
Number of events processed :  99200
Number of events processed :  99300
Number of events processed :  99400
Number of events processed :  99500
Number of events processed :  99600
Number of events processed :  99700
Number of events processed :  99800
Number of events processed :  99900
Number of events processed :  100000
Number of events processed :  100100
Number of events processed :  100200
Number of events processed :  100300
Number of events processed :  100400
Number of events processed :  100500
Number of events processed :  100600
Number of events processed :  100700
Number of events processed :  100800
Number of events processed :  100900
Number of events processed :  101000
Number of events processed :  101100
Number of events processed :  101200
Number of events processed :  101300
Number of events processed :  101400
Number of events processed :  101500
Number of events processed :  101600
Number of events processed :  101700
Number of events processed :  101800
Number of events processed :  101900
Number of events processed :  102000
Number of events processed :  102100
Number of events processed :  102200
Number of events processed :  102300
Number of events processed :  102400
Number of events processed :  102500
Number of events processed :  102600
Number of events processed :  102700
Number of events processed :  102800
Number of events processed :  102900
Number of events processed :  103000
Number of events processed :  103100
Number of events processed :  103200
Number of events processed :  103300
Number of events processed :  103400
Number of events processed :  103500
Number of events processed :  103600
Number of events processed :  103700
Number of events processed :  103800
Number of events processed :  103900
Number of events processed :  104000
Number of events processed :  104100
Number of events processed :  104200
Number of events processed :  104300
Number of events processed :  104400
Number of events processed :  104500
Number of events processed :  104600
Number of events processed :  104700
Number of events processed :  104800
Number of events processed :  104900
Number of events processed :  105000
Number of events processed :  105100
Number of events processed :  105200
Number of events processed :  105300
Number of events processed :  105400
Number of events processed :  105500
Number of events processed :  105600
Number of events processed :  105700
Number of events processed :  105800
Number of events processed :  105900
Number of events processed :  106000
Number of events processed :  106100
Number of events processed :  106200
Number of events processed :  106300
Number of events processed :  106400
Number of events processed :  106500
Number of events processed :  106600
Number of events processed :  106700
Number of events processed :  106800
Number of events processed :  106900
Number of events processed :  107000
Number of events processed :  107100
Number of events processed :  107200
Number of events processed :  107300
Number of events processed :  107400
Number of events processed :  107500
Number of events processed :  107600
Number of events processed :  107700
Number of events processed :  107800
Number of events processed :  107900
Number of events processed :  108000
Number of events processed :  108100
Number of events processed :  108200
Number of events processed :  108300
Number of events processed :  108400
Number of events processed :  108500
Number of events processed :  108600
Number of events processed :  108700
Number of events processed :  108800
Number of events processed :  108900
Number of events processed :  109000
Number of events processed :  109100
Number of events processed :  109200
Number of events processed :  109300
Number of events processed :  109400
Number of events processed :  109500
Number of events processed :  109600
Number of events processed :  109700
Number of events processed :  109800
Number of events processed :  109900
Number of events processed :  110000
Number of events processed :  110100
Number of events processed :  110200
Number of events processed :  110300
Number of events processed :  110400
Number of events processed :  110500
Number of events processed :  110600
Number of events processed :  110700
Number of events processed :  110800
Number of events processed :  110900
Number of events processed :  111000
Number of events processed :  111100
Number of events processed :  111200
Number of events processed :  111300
Number of events processed :  111400
Number of events processed :  111500
Number of events processed :  111600
Number of events processed :  111700
Number of events processed :  111800
Number of events processed :  111900
Number of events processed :  112000
Number of events processed :  112100
Number of events processed :  112200
Number of events processed :  112300
Number of events processed :  112400
Number of events processed :  112500
Number of events processed :  112600
Number of events processed :  112700
Number of events processed :  112800
Number of events processed :  112900
Number of events processed :  113000
Number of events processed :  113100
Number of events processed :  113200
Number of events processed :  113300
Number of events processed :  113400
Number of events processed :  113500
Number of events processed :  113600
Number of events processed :  113700
Number of events processed :  113800
Number of events processed :  113900
Number of events processed :  114000
Number of events processed :  114100
Number of events processed :  114200
Number of events processed :  114300
Number of events processed :  114400
Number of events processed :  114500
Number of events processed :  114600
Number of events processed :  114700
Number of events processed :  114800
Number of events processed :  114900
Number of events processed :  115000
Number of events processed :  115100
Number of events processed :  115200
Number of events processed :  115300
Number of events processed :  115400
Number of events processed :  115500
Number of events processed :  115600
Number of events processed :  115700
Number of events processed :  115800
Number of events processed :  115900
Number of events processed :  116000
Number of events processed :  116100
Number of events processed :  116200
Number of events processed :  116300
Number of events processed :  116400
Number of events processed :  116500
Number of events processed :  116600
Number of events processed :  116700
Number of events processed :  116800
Number of events processed :  116900
Number of events processed :  117000
Number of events processed :  117100
Number of events processed :  117200
Number of events processed :  117300
Number of events processed :  117400
Number of events processed :  117500
Number of events processed :  117600
Number of events processed :  117700
Number of events processed :  117800
Number of events processed :  117900
Number of events processed :  118000
Number of events processed :  118100
Number of events processed :  118200
Number of events processed :  118300
Number of events processed :  118400
Number of events processed :  118500
Number of events processed :  118600
Number of events processed :  118700
Number of events processed :  118800
Number of events processed :  118900
Number of events processed :  119000
Number of events processed :  119100
Number of events processed :  119200
Number of events processed :  119300
Number of events processed :  119400
Number of events processed :  119500
Number of events processed :  119600
Number of events processed :  119700
Number of events processed :  119800
Number of events processed :  119900
Number of events processed :  120000
Number of events processed :  120100
Number of events processed :  120200
Number of events processed :  120300
Number of events processed :  120400
Number of events processed :  120500
Number of events processed :  120600
Number of events processed :  120700
Number of events processed :  120800
Number of events processed :  120900
Number of events processed :  121000
Number of events processed :  121100
Number of events processed :  121200
Number of events processed :  121300
Number of events processed :  121400
Number of events processed :  121500
Number of events processed :  121600
Number of events processed :  121700
Number of events processed :  121800
Number of events processed :  121900
Number of events processed :  122000
Number of events processed :  122100
Number of events processed :  122200
Number of events processed :  122300
Number of events processed :  122400
Number of events processed :  122500
Number of events processed :  122600
Number of events processed :  122700
Number of events processed :  122800
Number of events processed :  122900
Number of events processed :  123000
Number of events processed :  123100
Number of events processed :  123200
Number of events processed :  123300
Number of events processed :  123400
Number of events processed :  123500
Number of events processed :  123600
Number of events processed :  123700
Number of events processed :  123800
Number of events processed :  123900
Number of events processed :  124000
Number of events processed :  124100
Number of events processed :  124200
Number of events processed :  124300
Number of events processed :  124400
Number of events processed :  124500
Number of events processed :  124600
Number of events processed :  124700
Number of events processed :  124800
Number of events processed :  124900
Number of events processed :  125000
Number of events processed :  125100
Number of events processed :  125200
Number of events processed :  125300
Number of events processed :  125400
Number of events processed :  125500
Number of events processed :  125600
Number of events processed :  125700
Number of events processed :  125800
Number of events processed :  125900
Number of events processed :  126000
Number of events processed :  126100
Number of events processed :  126200
Number of events processed :  126300
Number of events processed :  126400
Number of events processed :  126500
Number of events processed :  126600
Number of events processed :  126700
Number of events processed :  126800
Number of events processed :  126900
Number of events processed :  127000
Number of events processed :  127100
Number of events processed :  127200
Number of events processed :  127300
Number of events processed :  127400
Number of events processed :  127500
Number of events processed :  127600
Number of events processed :  127700
Number of events processed :  127800
Number of events processed :  127900
Number of events processed :  128000
Number of events processed :  128100
Number of events processed :  128200
Number of events processed :  128300
Number of events processed :  128400
Number of events processed :  128500
Number of events processed :  128600
Number of events processed :  128700
Number of events processed :  128800
Number of events processed :  128900
Number of events processed :  129000
Number of events processed :  129100
Number of events processed :  129200
Number of events processed :  129300
Number of events processed :  129400
Number of events processed :  129500
Number of events processed :  129600
Number of events processed :  129700
Number of events processed :  129800
Number of events processed :  129900
Number of events processed :  130000
Number of events processed :  130100
Number of events processed :  130200
Number of events processed :  130300
Number of events processed :  130400
Number of events processed :  130500
Number of events processed :  130600
Number of events processed :  130700
Number of events processed :  130800
Number of events processed :  130900
Number of events processed :  131000
Number of events processed :  131100
Number of events processed :  131200
Number of events processed :  131300
Number of events processed :  131400
Number of events processed :  131500
Number of events processed :  131600
Number of events processed :  131700
Number of events processed :  131800
Number of events processed :  131900
Number of events processed :  132000
Number of events processed :  132100
Number of events processed :  132200
Number of events processed :  132300
Number of events processed :  132400
Number of events processed :  132500
Number of events processed :  132600
Number of events processed :  132700
Number of events processed :  132800
Number of events processed :  132900
Number of events processed :  133000
Number of events processed :  133100
Number of events processed :  133200
Number of events processed :  133300
Number of events processed :  133400
Number of events processed :  133500
Number of events processed :  133600
Number of events processed :  133700
Number of events processed :  133800
Number of events processed :  133900
Number of events processed :  134000
Number of events processed :  134100
Number of events processed :  134200
Number of events processed :  134300
Number of events processed :  134400
Number of events processed :  134500
Number of events processed :  134600
Number of events processed :  134700
Number of events processed :  134800
Number of events processed :  134900
Number of events processed :  135000
Number of events processed :  135100
Number of events processed :  135200
Number of events processed :  135300
Number of events processed :  135400
Number of events processed :  135500
Number of events processed :  135600
Number of events processed :  135700
Number of events processed :  135800
Number of events processed :  135900
Number of events processed :  136000
Number of events processed :  136100
Number of events processed :  136200
Number of events processed :  136300
Number of events processed :  136400
Number of events processed :  136500
Number of events processed :  136600
Number of events processed :  136700
Number of events processed :  136800
Number of events processed :  136900
Number of events processed :  137000
Number of events processed :  137100
Number of events processed :  137200
Number of events processed :  137300
Number of events processed :  137400
Number of events processed :  137500
Number of events processed :  137600
Number of events processed :  137700
Number of events processed :  137800
Number of events processed :  137900
Number of events processed :  138000
Number of events processed :  138100
Number of events processed :  138200
Number of events processed :  138300
Number of events processed :  138400
Number of events processed :  138500
Number of events processed :  138600
Number of events processed :  138700
Number of events processed :  138800
Number of events processed :  138900
Number of events processed :  139000
Number of events processed :  139100
Number of events processed :  139200
Number of events processed :  139300
Number of events processed :  139400
Number of events processed :  139500
Number of events processed :  139600
Number of events processed :  139700
Number of events processed :  139800
Number of events processed :  139900
Number of events processed :  140000
Number of events processed :  140100
Number of events processed :  140200
Number of events processed :  140300
Number of events processed :  140400
Number of events processed :  140500
Number of events processed :  140600
Number of events processed :  140700
Number of events processed :  140800
Number of events processed :  140900
Number of events processed :  141000
Number of events processed :  141100
Number of events processed :  141200
Number of events processed :  141300
Number of events processed :  141400
Number of events processed :  141500
Number of events processed :  141600
Number of events processed :  141700
Number of events processed :  141800
Number of events processed :  141900
Number of events processed :  142000
Number of events processed :  142100
Number of events processed :  142200
Number of events processed :  142300
Number of events processed :  142400
Number of events processed :  142500
Number of events processed :  142600
Number of events processed :  142700
Number of events processed :  142800
Number of events processed :  142900
Number of events processed :  143000
Number of events processed :  143100
Number of events processed :  143200
Number of events processed :  143300
Number of events processed :  143400
Number of events processed :  143500
Number of events processed :  143600
Number of events processed :  143700
Number of events processed :  143800
Number of events processed :  143900
Number of events processed :  144000
Number of events processed :  144100
Number of events processed :  144200
Number of events processed :  144300
Number of events processed :  144400
Number of events processed :  144500
Number of events processed :  144600
Number of events processed :  144700
Number of events processed :  144800
Number of events processed :  144900
Number of events processed :  145000
Number of events processed :  145100
Number of events processed :  145200
Number of events processed :  145300
Number of events processed :  145400
Number of events processed :  145500
Number of events processed :  145600
Number of events processed :  145700
Number of events processed :  145800
Number of events processed :  145900
Number of events processed :  146000
Number of events processed :  146100
Number of events processed :  146200
Number of events processed :  146300
Number of events processed :  146400
Number of events processed :  146500
Number of events processed :  146600
Number of events processed :  146700
Number of events processed :  146800
Number of events processed :  146900
Number of events processed :  147000
Number of events processed :  147100
Number of events processed :  147200
Number of events processed :  147300
Number of events processed :  147400
Number of events processed :  147500
Number of events processed :  147600
Number of events processed :  147700
Number of events processed :  147800
Number of events processed :  147900
Number of events processed :  148000
Number of events processed :  148100
Number of events processed :  148200
Number of events processed :  148300
Number of events processed :  148400
Number of events processed :  148500
Number of events processed :  148600
Number of events processed :  148700
Number of events processed :  148800
Number of events processed :  148900
Number of events processed :  149000
Number of events processed :  149100
Number of events processed :  149200
Number of events processed :  149300
Number of events processed :  149400
Number of events processed :  149500
Number of events processed :  149600
Number of events processed :  149700
Number of events processed :  149800
Number of events processed :  149900
Number of events processed :  150000
Number of events processed :  150100
Number of events processed :  150200
Number of events processed :  150300
Number of events processed :  150400
Number of events processed :  150500
Number of events processed :  150600
Number of events processed :  150700
Number of events processed :  150800
Number of events processed :  150900
Number of events processed :  151000
Number of events processed :  151100
Number of events processed :  151200
Number of events processed :  151300
Number of events processed :  151400
Number of events processed :  151500
Number of events processed :  151600
Number of events processed :  151700
Number of events processed :  151800
Number of events processed :  151900
Number of events processed :  152000
Number of events processed :  152100
Number of events processed :  152200
Number of events processed :  152300
Number of events processed :  152400
Number of events processed :  152500
Number of events processed :  152600
Number of events processed :  152700
Number of events processed :  152800
Number of events processed :  152900
Number of events processed :  153000
Number of events processed :  153100
Number of events processed :  153200
Number of events processed :  153300
Number of events processed :  153400
Number of events processed :  153500
Number of events processed :  153600
Number of events processed :  153700
Number of events processed :  153800
Number of events processed :  153900
Number of events processed :  154000
Number of events processed :  154100
Number of events processed :  154200
Number of events processed :  154300
Number of events processed :  154400
Number of events processed :  154500
Number of events processed :  154600
Number of events processed :  154700
Number of events processed :  154800
Number of events processed :  154900
Number of events processed :  155000
Number of events processed :  155100
Number of events processed :  155200
Number of events processed :  155300
Number of events processed :  155400
Number of events processed :  155500
Number of events processed :  155600
Number of events processed :  155700
Number of events processed :  155800
Number of events processed :  155900
Number of events processed :  156000
Number of events processed :  156100
Number of events processed :  156200
Number of events processed :  156300
Number of events processed :  156400
Number of events processed :  156500
Number of events processed :  156600
Number of events processed :  156700
Number of events processed :  156800
Number of events processed :  156900
Number of events processed :  157000
Number of events processed :  157100
Number of events processed :  157200
Number of events processed :  157300
Number of events processed :  157400
Number of events processed :  157500
Number of events processed :  157600
Number of events processed :  157700
Number of events processed :  157800
Number of events processed :  157900
Number of events processed :  158000
Number of events processed :  158100
Number of events processed :  158200
Number of events processed :  158300
Number of events processed :  158400
Number of events processed :  158500
Number of events processed :  158600
Number of events processed :  158700
Number of events processed :  158800
Number of events processed :  158900
Number of events processed :  159000
Number of events processed :  159100
Number of events processed :  159200
Number of events processed :  159300
Number of events processed :  159400
Number of events processed :  159500
Number of events processed :  159600
Number of events processed :  159700
Number of events processed :  159800
Number of events processed :  159900
Number of events processed :  160000
Number of events processed :  160100
Number of events processed :  160200
Number of events processed :  160300
Number of events processed :  160400
Number of events processed :  160500
Number of events processed :  160600
Number of events processed :  160700
Number of events processed :  160800
Number of events processed :  160900
Number of events processed :  161000
Number of events processed :  161100
Number of events processed :  161200
Number of events processed :  161300
Number of events processed :  161400
Number of events processed :  161500
Number of events processed :  161600
Number of events processed :  161700
Number of events processed :  161800
Number of events processed :  161900
Number of events processed :  162000
Number of events processed :  162100
Number of events processed :  162200
Number of events processed :  162300
Number of events processed :  162400
Number of events processed :  162500
Number of events processed :  162600
Number of events processed :  162700
Number of events processed :  162800
Number of events processed :  162900
Number of events processed :  163000
Number of events processed :  163100
Number of events processed :  163200
Number of events processed :  163300
Number of events processed :  163400
Number of events processed :  163500
Number of events processed :  163600
Number of events processed :  163700
Number of events processed :  163800
Number of events processed :  163900
Number of events processed :  164000
Number of events processed :  164100
Number of events processed :  164200
Number of events processed :  164300
Number of events processed :  164400
Number of events processed :  164500
Number of events processed :  164600
Number of events processed :  164700
Number of events processed :  164800
Number of events processed :  164900
Number of events processed :  165000
Number of events processed :  165100
Number of events processed :  165200
Number of events processed :  165300
Number of events processed :  165400
Number of events processed :  165500
Number of events processed :  165600
Number of events processed :  165700
Number of events processed :  165800
Number of events processed :  165900
Number of events processed :  166000
Number of events processed :  166100
Number of events processed :  166200
Number of events processed :  166300
Number of events processed :  166400
Number of events processed :  166500
Number of events processed :  166600
Number of events processed :  166700
Number of events processed :  166800
Number of events processed :  166900
Number of events processed :  167000
Number of events processed :  167100
Number of events processed :  167200
Number of events processed :  167300
Number of events processed :  167400
Number of events processed :  167500
Number of events processed :  167600
Number of events processed :  167700
Number of events processed :  167800
Number of events processed :  167900
Number of events processed :  168000
Number of events processed :  168100
Number of events processed :  168200
Number of events processed :  168300
Number of events processed :  168400
Number of events processed :  168500
Number of events processed :  168600
Number of events processed :  168700
Number of events processed :  168800
Number of events processed :  168900
Number of events processed :  169000
Number of events processed :  169100
Number of events processed :  169200
Number of events processed :  169300
Number of events processed :  169400
Number of events processed :  169500
Number of events processed :  169600
Number of events processed :  169700
Number of events processed :  169800
Number of events processed :  169900
Number of events processed :  170000
Number of events processed :  170100
Number of events processed :  170200
Number of events processed :  170300
Number of events processed :  170400
Number of events processed :  170500
Number of events processed :  170600
Number of events processed :  170700
Number of events processed :  170800
Number of events processed :  170900
Number of events processed :  171000
Number of events processed :  171100
Number of events processed :  171200
Number of events processed :  171300
Number of events processed :  171400
Number of events processed :  171500
Number of events processed :  171600
Number of events processed :  171700
Number of events processed :  171800
Number of events processed :  171900
Number of events processed :  172000
Number of events processed :  172100
Number of events processed :  172200
Number of events processed :  172300
Number of events processed :  172400
Number of events processed :  172500
Number of events processed :  172600
Number of events processed :  172700
Number of events processed :  172800
Number of events processed :  172900
Number of events processed :  173000
Number of events processed :  173100
Number of events processed :  173200
Number of events processed :  173300
Number of events processed :  173400
Number of events processed :  173500
Number of events processed :  173600
Number of events processed :  173700
Number of events processed :  173800
Number of events processed :  173900
Number of events processed :  174000
Number of events processed :  174100
Number of events processed :  174200
Number of events processed :  174300
Number of events processed :  174400
Number of events processed :  174500
Number of events processed :  174600
Number of events processed :  174700
Number of events processed :  174800
Number of events processed :  174900
Number of events processed :  175000
Number of events processed :  175100
Number of events processed :  175200
Number of events processed :  175300
Number of events processed :  175400
Number of events processed :  175500
Number of events processed :  175600
Number of events processed :  175700
Number of events processed :  175800
Number of events processed :  175900
Number of events processed :  176000
Number of events processed :  176100
Number of events processed :  176200
Number of events processed :  176300
Number of events processed :  176400
Number of events processed :  176500
Number of events processed :  176600
Number of events processed :  176700
Number of events processed :  176800
Number of events processed :  176900
Number of events processed :  177000
Number of events processed :  177100
Number of events processed :  177200
Number of events processed :  177300
Number of events processed :  177400
Number of events processed :  177500
Number of events processed :  177600
Number of events processed :  177700
Number of events processed :  177800
Number of events processed :  177900
Number of events processed :  178000
Number of events processed :  178100
Number of events processed :  178200
Number of events processed :  178300
Number of events processed :  178400
Number of events processed :  178500
Number of events processed :  178600
Number of events processed :  178700
Number of events processed :  178800
Number of events processed :  178900
Number of events processed :  179000
Number of events processed :  179100
Number of events processed :  179200
Number of events processed :  179300
Number of events processed :  179400
Number of events processed :  179500
Number of events processed :  179600
Number of events processed :  179700
Number of events processed :  179800
Number of events processed :  179900
Number of events processed :  180000
Number of events processed :  180100
Number of events processed :  180200
Number of events processed :  180300
Number of events processed :  180400
Number of events processed :  180500
Number of events processed :  180600
Number of events processed :  180700
Number of events processed :  180800
Number of events processed :  180900
Number of events processed :  181000
Number of events processed :  181100
Number of events processed :  181200
Number of events processed :  181300
Number of events processed :  181400
Number of events processed :  181500
Number of events processed :  181600
Number of events processed :  181700
Number of events processed :  181800
Number of events processed :  181900
Number of events processed :  182000
Number of events processed :  182100
Number of events processed :  182200
Number of events processed :  182300
Number of events processed :  182400
Number of events processed :  182500
Number of events processed :  182600
Number of events processed :  182700
Number of events processed :  182800
Number of events processed :  182900
Number of events processed :  183000
Number of events processed :  183100
Number of events processed :  183200
Number of events processed :  183300
Number of events processed :  183400
Number of events processed :  183500
Number of events processed :  183600
Number of events processed :  183700
Number of events processed :  183800
Number of events processed :  183900
Number of events processed :  184000
Number of events processed :  184100
Number of events processed :  184200
Number of events processed :  184300
Number of events processed :  184400
Number of events processed :  184500
Number of events processed :  184600
Number of events processed :  184700
Number of events processed :  184800
Number of events processed :  184900
Number of events processed :  185000
Number of events processed :  185100
Number of events processed :  185200
Number of events processed :  185300
Number of events processed :  185400
Number of events processed :  185500
Number of events processed :  185600
Number of events processed :  185700
Number of events processed :  185800
Number of events processed :  185900
Number of events processed :  186000
Number of events processed :  186100
Number of events processed :  186200
Number of events processed :  186300
Number of events processed :  186400
Number of events processed :  186500
Number of events processed :  186600
Number of events processed :  186700
Number of events processed :  186800
Number of events processed :  186900
Number of events processed :  187000
Number of events processed :  187100
Number of events processed :  187200
Number of events processed :  187300
Number of events processed :  187400
Number of events processed :  187500
Number of events processed :  187600
Number of events processed :  187700
Number of events processed :  187800
Number of events processed :  187900
Number of events processed :  188000
Number of events processed :  188100
Number of events processed :  188200
Number of events processed :  188300
Number of events processed :  188400
Number of events processed :  188500
Number of events processed :  188600
Number of events processed :  188700
Number of events processed :  188800
Number of events processed :  188900
Number of events processed :  189000
Number of events processed :  189100
Number of events processed :  189200
Number of events processed :  189300
Number of events processed :  189400
Number of events processed :  189500
Number of events processed :  189600
Number of events processed :  189700
Number of events processed :  189800
Number of events processed :  189900
Number of events processed :  190000
Number of events processed :  190100
Number of events processed :  190200
Number of events processed :  190300
Number of events processed :  190400
Number of events processed :  190500
Number of events processed :  190600
Number of events processed :  190700
Number of events processed :  190800
Number of events processed :  190900
Number of events processed :  191000
Number of events processed :  191100
Number of events processed :  191200
Number of events processed :  191300
Number of events processed :  191400
Number of events processed :  191500
Number of events processed :  191600
Number of events processed :  191700
Number of events processed :  191800
Number of events processed :  191900
Number of events processed :  192000
Number of events processed :  192100
Number of events processed :  192200
Number of events processed :  192300
Number of events processed :  192400
Number of events processed :  192500
Number of events processed :  192600
Number of events processed :  192700
Number of events processed :  192800
Number of events processed :  192900
Number of events processed :  193000
Number of events processed :  193100
Number of events processed :  193200
Number of events processed :  193300
Number of events processed :  193400
Number of events processed :  193500
Number of events processed :  193600
Number of events processed :  193700
Number of events processed :  193800
Number of events processed :  193900
Number of events processed :  194000
Number of events processed :  194100
Number of events processed :  194200
Number of events processed :  194300
Number of events processed :  194400
Number of events processed :  194500
Number of events processed :  194600
Number of events processed :  194700
Number of events processed :  194800
Number of events processed :  194900
Number of events processed :  195000
Number of events processed :  195100
Number of events processed :  195200
Number of events processed :  195300
Number of events processed :  195400
Number of events processed :  195500
Number of events processed :  195600
Number of events processed :  195700
Number of events processed :  195800
Number of events processed :  195900
Number of events processed :  196000
Number of events processed :  196100
Number of events processed :  196200
Number of events processed :  196300
Number of events processed :  196400
Number of events processed :  196500
Number of events processed :  196600
Number of events processed :  196700
Number of events processed :  196800
Number of events processed :  196900
Number of events processed :  197000
Number of events processed :  197100
Number of events processed :  197200
Number of events processed :  197300
Number of events processed :  197400
Number of events processed :  197500
Number of events processed :  197600
Number of events processed :  197700
Number of events processed :  197800
Number of events processed :  197900
Number of events processed :  198000
Number of events processed :  198100
Number of events processed :  198200
Number of events processed :  198300
Number of events processed :  198400
Number of events processed :  198500
Number of events processed :  198600
Number of events processed :  198700
Number of events processed :  198800
Number of events processed :  198900
Number of events processed :  199000
Number of events processed :  199100
Number of events processed :  199200
Number of events processed :  199300
Number of events processed :  199400
Number of events processed :  199500
Number of events processed :  199600
Number of events processed :  199700
Number of events processed :  199800
Number of events processed :  199900
Number of events processed :  200000
Number of events processed :  200100
Number of events processed :  200200
Number of events processed :  200300
Number of events processed :  200400
Number of events processed :  200500
Number of events processed :  200600
Number of events processed :  200700
Number of events processed :  200800
Number of events processed :  200900
Number of events processed :  201000
Number of events processed :  201100
Number of events processed :  201200
Number of events processed :  201300
Number of events processed :  201400
Number of events processed :  201500
Number of events processed :  201600
Number of events processed :  201700
Number of events processed :  201800
Number of events processed :  201900
Number of events processed :  202000
Number of events processed :  202100
Number of events processed :  202200
Number of events processed :  202300
Number of events processed :  202400
Number of events processed :  202500
Number of events processed :  202600
Number of events processed :  202700
Number of events processed :  202800
Number of events processed :  202900
Number of events processed :  203000
Number of events processed :  203100
Number of events processed :  203200
Number of events processed :  203300
Number of events processed :  203400
Number of events processed :  203500
Number of events processed :  203600
Number of events processed :  203700
Number of events processed :  203800
Total event processed by Nano AOD post processor :  999384
Total events processed :  203818
--- 208.15 minutes ---

Job finished at Fri Nov  2 16:37:06 CET 2018 on node 
 under linux version Scientific Linux CERN SLC release 6.10 (Carbon)

CERN statistics: This process used approximately : 0:11:00 KSI2K hours (660 KSI2K seconds)
                 This process corresponds to     : 0:42:55 HS06  hours (2575 HS06  seconds)
