Sender: LSF System <lsfadmin@b64b54e6c2.cern.ch>
Subject: Job 205757467: </afs/cern.ch/work/j/jblee/private/Hcc/CMSSW_10_2_0_pre5/src/VHcc/2L/BSub_logs/ZllHcc/v10/DoubleEG/job_arizzi-NanoDeepAndReg2016Run20120_185.sh> in cluster <batch> Done

Job </afs/cern.ch/work/j/jblee/private/Hcc/CMSSW_10_2_0_pre5/src/VHcc/2L/BSub_logs/ZllHcc/v10/DoubleEG/job_arizzi-NanoDeepAndReg2016Run20120_185.sh> was submitted from host <lxplus006.cern.ch> by user <jblee> in cluster <batch>.
Job was executed on host(s) <b64b54e6c2.cern.ch>, in queue <8nh>, as user <jblee> in cluster <batch>.
</afs/cern.ch/user/j/jblee> was used as the home directory.
</afs/cern.ch/work/j/jblee/private/Hcc/CMSSW_10_2_0_pre5/src/VHcc/2L> was used as the working directory.
Started at Fri Nov  2 08:27:07 2018
Results reported on Fri Nov  2 08:29:14 2018

Your job looked like:

------------------------------------------------------------
# LSBATCH: User input
/afs/cern.ch/work/j/jblee/private/Hcc/CMSSW_10_2_0_pre5/src/VHcc/2L/BSub_logs/ZllHcc/v10/DoubleEG/job_arizzi-NanoDeepAndReg2016Run20120_185.sh
------------------------------------------------------------

Successfully completed.

Resource usage summary:

    CPU time :                                   9.14 sec.
    Max Memory :                                 282.02 MB
    Average Memory :                             131.26 MB
    Total Requested Memory :                     -
    Delta Memory :                               -
    Max Swap :                                   951 MB
    Max Processes :                              8
    Max Threads :                                15
    Run time :                                   125 sec.
    Turnaround time :                            46172 sec.

The output (if any) follows:

@(#)CERN job starter $Date: 2010/06/23 14:22:16 $
Working directory is </pool/lsf/jblee/205757467> on <b64b54e6c2.cern.ch>

start_time :  Fri Nov  2 08:27:26 2018
processing on :  /store/user/lmastrol/VHcc_2016V4_Aug18/DoubleEG/arizzi-NanoDeepAndReg2016Run20120/180817_115427/0000/tree_185.root
Number of events processed :  0
Number of events processed :  100
Number of events processed :  200
Number of events processed :  300
Number of events processed :  400
Number of events processed :  500
Number of events processed :  600
Number of events processed :  700
Number of events processed :  800
Number of events processed :  900
Number of events processed :  1000
Number of events processed :  1100
Number of events processed :  1200
Number of events processed :  1300
Number of events processed :  1400
Number of events processed :  1500
Number of events processed :  1600
Number of events processed :  1700
Number of events processed :  1800
Number of events processed :  1900
Number of events processed :  2000
Number of events processed :  2100
Number of events processed :  2200
Number of events processed :  2300
Number of events processed :  2400
Number of events processed :  2500
Number of events processed :  2600
Number of events processed :  2700
Number of events processed :  2800
Number of events processed :  2900
Number of events processed :  3000
Number of events processed :  3100
Number of events processed :  3200
Number of events processed :  3300
Number of events processed :  3400
Number of events processed :  3500
Number of events processed :  3600
Number of events processed :  3700
Number of events processed :  3800
Number of events processed :  3900
Number of events processed :  4000
Number of events processed :  4100
Number of events processed :  4200
Number of events processed :  4300
Number of events processed :  4400
Number of events processed :  4500
Number of events processed :  4600
Number of events processed :  4700
Number of events processed :  4800
Number of events processed :  4900
Number of events processed :  5000
Number of events processed :  5100
Number of events processed :  5200
Number of events processed :  5300
Number of events processed :  5400
Number of events processed :  5500
Number of events processed :  5600
Number of events processed :  5700
Number of events processed :  5800
Number of events processed :  5900
Number of events processed :  6000
Number of events processed :  6100
Number of events processed :  6200
Number of events processed :  6300
Number of events processed :  6400
Number of events processed :  6500
Number of events processed :  6600
Number of events processed :  6700
Number of events processed :  6800
Number of events processed :  6900
Number of events processed :  7000
Number of events processed :  7100
Number of events processed :  7200
Number of events processed :  7300
Number of events processed :  7400
Number of events processed :  7500
Number of events processed :  7600
Number of events processed :  7700
Number of events processed :  7800
Number of events processed :  7900
Number of events processed :  8000
Number of events processed :  8100
Number of events processed :  8200
Number of events processed :  8300
Total events processed :  8349
--- 1.23 minutes ---

Job finished at Fri Nov  2 08:28:40 CET 2018 on node 
 under linux version Scientific Linux CERN SLC release 6.10 (Carbon)

CERN statistics: This process used approximately : 0:00:22 KSI2K hours (22 KSI2K seconds)
                 This process corresponds to     : 0:01:28 HS06  hours (88 HS06  seconds)
