Sender: LSF System <lsfadmin@b6584102db.cern.ch>
Subject: Job 207591446: </afs/cern.ch/work/j/jblee/private/Hcc/CMSSW_10_2_0_pre5/src/VHcc/1L/BSub_logs/WlvHcc/v4/WminusH_HToCC_WToLNu_M125_13TeV_powheg_pythia8/job_lmastrol-NanoProd_v4-2fc0529a080_4.sh> in cluster <batch> Exited

Job </afs/cern.ch/work/j/jblee/private/Hcc/CMSSW_10_2_0_pre5/src/VHcc/1L/BSub_logs/WlvHcc/v4/WminusH_HToCC_WToLNu_M125_13TeV_powheg_pythia8/job_lmastrol-NanoProd_v4-2fc0529a080_4.sh> was submitted from host <lxplus054.cern.ch> by user <jblee> in cluster <batch>.
Job was executed on host(s) <b6584102db.cern.ch>, in queue <8nh>, as user <jblee> in cluster <batch>.
</afs/cern.ch/user/j/jblee> was used as the home directory.
</afs/cern.ch/work/j/jblee/private/Hcc/CMSSW_10_2_0_pre5/src/VHcc/1L> was used as the working directory.
Started at Mon Nov 19 09:56:57 2018
Results reported on Mon Nov 19 10:06:13 2018

Your job looked like:

------------------------------------------------------------
# LSBATCH: User input
/afs/cern.ch/work/j/jblee/private/Hcc/CMSSW_10_2_0_pre5/src/VHcc/1L/BSub_logs/WlvHcc/v4/WminusH_HToCC_WToLNu_M125_13TeV_powheg_pythia8/job_lmastrol-NanoProd_v4-2fc0529a080_4.sh
------------------------------------------------------------

TERM_OWNER: job killed by owner.
Exited with exit code 143.

Resource usage summary:

    CPU time :                                   3.20 sec.
    Max Memory :                                 286.95 MB
    Average Memory :                             112.11 MB
    Total Requested Memory :                     -
    Delta Memory :                               -
    Max Swap :                                   1003 MB
    Max Processes :                              8
    Max Threads :                                15
    Run time :                                   553 sec.
    Turnaround time :                            577 sec.

The output (if any) follows:

@(#)CERN job starter $Date: 2010/06/23 14:22:16 $
Working directory is </pool/lsf/jblee/207591446> on <b6584102db.cern.ch>

**** Following environment variables are going to be unset.
       MALLOC_CONF

Job finished at Mon Nov 19 10:06:09 CET 2018 on node 
 under linux version Scientific Linux CERN SLC release 6.10 (Carbon)

CERN statistics: This process used approximately : 0:00:00 KSI2K hours (0 KSI2K seconds)
                 This process corresponds to     : 0:00:02 HS06  hours (2 HS06  seconds)

CERN report: Job Killed. See mail from LSF for messages and native time cpu usage.
